<?xml version="1.0" encoding="UTF-8"?>
<testng-results total="1" passed="0" failed="1" skipped="0">
  <reporter-output>
  </reporter-output>
  <suite started-at="2022-04-20T10:00:25Z" name="Default suite" finished-at="2022-04-20T10:00:28Z" duration-ms="3494">
    <groups>
    </groups>
    <test started-at="2022-04-20T10:00:25Z" name="Default test" finished-at="2022-04-20T10:00:28Z" duration-ms="3494">
      <class name="queenb.webinaris.account.Level_03_LP_Registration_Page_Object_Pattern">
        <test-method is-config="true" signature="beforeClass()[pri:0, instance:queenb.webinaris.account.Level_03_LP_Registration_Page_Object_Pattern@1f75a668]" started-at="2022-04-20T17:00:25Z" name="beforeClass" finished-at="2022-04-20T17:00:28Z" duration-ms="3284" status="PASS">
          <reporter-output>
          </reporter-output>
        </test-method> <!-- beforeClass -->
        <test-method signature="LoginWebinaris()[pri:0, instance:queenb.webinaris.account.Level_03_LP_Registration_Page_Object_Pattern@1f75a668]" started-at="2022-04-20T17:00:28Z" name="LoginWebinaris" finished-at="2022-04-20T17:00:28Z" duration-ms="5" status="FAIL">
          <exception class="java.lang.NullPointerException">
            <message>
              <![CDATA[Cannot invoke "org.openqa.selenium.WebDriver.get(String)" because "driver" is null]]>
            </message>
            <full-stacktrace>
              <![CDATA[java.lang.NullPointerException: Cannot invoke "org.openqa.selenium.WebDriver.get(String)" because "driver" is null
	at commons.AbstractPage.openAnyUrl(AbstractPage.java:12)
	at pageObjects.LoginPageObject.getLoginPageUrl(LoginPageObject.java:13)
	at queenb.webinaris.account.Level_03_LP_Registration_Page_Object_Pattern.LoginWebinaris(Level_03_LP_Registration_Page_Object_Pattern.java:58)
	at java.base/jdk.internal.reflect.NativeMethodAccessorImpl.invoke0(Native Method)
	at java.base/jdk.internal.reflect.NativeMethodAccessorImpl.invoke(NativeMethodAccessorImpl.java:77)
	at java.base/jdk.internal.reflect.DelegatingMethodAccessorImpl.invoke(DelegatingMethodAccessorImpl.java:43)
	at java.base/java.lang.reflect.Method.invoke(Method.java:568)
	at org.testng.internal.MethodInvocationHelper.invokeMethod(MethodInvocationHelper.java:85)
	at org.testng.internal.Invoker.invokeMethod(Invoker.java:639)
	at org.testng.internal.Invoker.invokeTestMethod(Invoker.java:816)
	at org.testng.internal.Invoker.invokeTestMethods(Invoker.java:1124)
	at org.testng.internal.TestMethodWorker.invokeTestMethods(TestMethodWorker.java:125)
	at org.testng.internal.TestMethodWorker.run(TestMethodWorker.java:108)
	at org.testng.TestRunner.privateRun(TestRunner.java:774)
	at org.testng.TestRunner.run(TestRunner.java:624)
	at org.testng.SuiteRunner.runTest(SuiteRunner.java:359)
	at org.testng.SuiteRunner.runSequentially(SuiteRunner.java:354)
	at org.testng.SuiteRunner.privateRun(SuiteRunner.java:312)
	at org.testng.SuiteRunner.run(SuiteRunner.java:261)
	at org.testng.SuiteRunnerWorker.runSuite(SuiteRunnerWorker.java:52)
	at org.testng.SuiteRunnerWorker.run(SuiteRunnerWorker.java:86)
	at org.testng.TestNG.runSuitesSequentially(TestNG.java:1215)
	at org.testng.TestNG.runSuitesLocally(TestNG.java:1140)
	at org.testng.TestNG.run(TestNG.java:1048)
	at org.testng.remote.AbstractRemoteTestNG.run(AbstractRemoteTestNG.java:115)
	at org.testng.remote.RemoteTestNG.initAndRun(RemoteTestNG.java:251)
	at org.testng.remote.RemoteTestNG.main(RemoteTestNG.java:77)
]]>
            </full-stacktrace>
          </exception> <!-- java.lang.NullPointerException -->
          <reporter-output>
          </reporter-output>
        </test-method> <!-- LoginWebinaris -->
        <test-method is-config="true" signature="afterClass()[pri:0, instance:queenb.webinaris.account.Level_03_LP_Registration_Page_Object_Pattern@1f75a668]" started-at="2022-04-20T17:00:28Z" name="afterClass" finished-at="2022-04-20T17:00:28Z" duration-ms="194" status="PASS">
          <reporter-output>
          </reporter-output>
        </test-method> <!-- afterClass -->
      </class> <!-- queenb.webinaris.account.Level_03_LP_Registration_Page_Object_Pattern -->
    </test> <!-- Default test -->
  </suite> <!-- Default suite -->
</testng-results>
